Arguments: 
  /home/brandiao/.nvm/versions/node/v14.15.5/bin/node /home/brandiao/.nvm/versions/node/v14.15.5/bin/yarn start

PATH: 
  /home/brandiao/.nvm/versions/node/v14.15.5/bin:/usr/local/sbin:/usr/sbin:/sbin:/usr/local/bin:/usr/bin:/bin:/usr/local/games:/usr/games:/snap/bin:/home/brandiao/.dotnet/tools

Yarn version: 
  1.22.17

Node version: 
  14.15.5

Platform: 
  linux x64

Trace: 
  SyntaxError: /home/brandiao/02. IRONHACK/modulo03/todos-api/package.json: Unexpected token } in JSON at position 223
      at JSON.parse (<anonymous>)
      at /home/brandiao/.nvm/versions/node/v14.15.5/lib/node_modules/yarn/lib/cli.js:1625:59
      at Generator.next (<anonymous>)
      at step (/home/brandiao/.nvm/versions/node/v14.15.5/lib/node_modules/yarn/lib/cli.js:310:30)
      at /home/brandiao/.nvm/versions/node/v14.15.5/lib/node_modules/yarn/lib/cli.js:321:13

npm manifest: 
  {
    "name": "todos-api",
    "version": "1.0.0",
    "description": "",
    "main": "index.js",
    "scripts": {
      "test": "echo \"Error: no test specified\" && exit 1",
      "start": "node app.js",
      "dev": "nodemon app.js",
    },
    "author": "",
    "license": "ISC",
    "dependencies": {
      "express": "^4.17.3",
      "mongoose": "^6.2.6"
    }
  }

yarn manifest: 
  No manifest

Lockfile: 
  No lockfile
